0 info it worked if it ends with ok
1 verbose cli [ 'C:\\Program Files (x86)\\nodejs\\node.exe',
1 verbose cli   'C:\\ProgramData\\chocolatey\\lib\\npm\\tools\\node_modules\\npm\\bin\\npm-cli.js',
1 verbose cli   'install' ]
2 info using npm@1.4.9
3 info using node@v6.4.0
4 verbose readDependencies using package.json deps
5 verbose install where, deps [ 'C:\\Bitnami\\PhoenixProject\\phoenix_server',
5 verbose install   [ 'phoenix',
5 verbose install     'phoenix_html',
5 verbose install     'babel-brunch',
5 verbose install     'brunch',
5 verbose install     'clean-css-brunch',
5 verbose install     'css-brunch',
5 verbose install     'javascript-brunch',
5 verbose install     'uglify-js-brunch' ] ]
6 info preinstall @
7 verbose readDependencies using package.json deps
8 verbose cache add [ 'brunch@2.7.4', null ]
9 verbose cache add name=undefined spec="brunch@2.7.4" args=["brunch@2.7.4",null]
10 verbose parsed url Url {
10 verbose parsed url   protocol: null,
10 verbose parsed url   slashes: null,
10 verbose parsed url   auth: null,
10 verbose parsed url   host: null,
10 verbose parsed url   port: null,
10 verbose parsed url   hostname: null,
10 verbose parsed url   hash: null,
10 verbose parsed url   search: null,
10 verbose parsed url   query: null,
10 verbose parsed url   pathname: 'brunch@2.7.4',
10 verbose parsed url   path: 'brunch@2.7.4',
10 verbose parsed url   href: 'brunch@2.7.4' }
11 verbose cache add name="brunch" spec="2.7.4" args=["brunch","2.7.4"]
12 verbose parsed url Url {
12 verbose parsed url   protocol: null,
12 verbose parsed url   slashes: null,
12 verbose parsed url   auth: null,
12 verbose parsed url   host: null,
12 verbose parsed url   port: null,
12 verbose parsed url   hostname: null,
12 verbose parsed url   hash: null,
12 verbose parsed url   search: null,
12 verbose parsed url   query: null,
12 verbose parsed url   pathname: '2.7.4',
12 verbose parsed url   path: '2.7.4',
12 verbose parsed url   href: '2.7.4' }
13 verbose addNamed [ 'brunch', '2.7.4' ]
14 verbose addNamed [ '2.7.4', '2.7.4' ]
15 verbose cache add [ 'clean-css-brunch@~2.0.0', null ]
16 verbose cache add name=undefined spec="clean-css-brunch@~2.0.0" args=["clean-css-brunch@~2.0.0",null]
17 verbose parsed url Url {
17 verbose parsed url   protocol: null,
17 verbose parsed url   slashes: null,
17 verbose parsed url   auth: null,
17 verbose parsed url   host: null,
17 verbose parsed url   port: null,
17 verbose parsed url   hostname: null,
17 verbose parsed url   hash: null,
17 verbose parsed url   search: null,
17 verbose parsed url   query: null,
17 verbose parsed url   pathname: 'clean-css-brunch@~2.0.0',
17 verbose parsed url   path: 'clean-css-brunch@~2.0.0',
17 verbose parsed url   href: 'clean-css-brunch@~2.0.0' }
18 verbose cache add name="clean-css-brunch" spec="~2.0.0" args=["clean-css-brunch","~2.0.0"]
19 verbose parsed url Url {
19 verbose parsed url   protocol: null,
19 verbose parsed url   slashes: null,
19 verbose parsed url   auth: null,
19 verbose parsed url   host: null,
19 verbose parsed url   port: null,
19 verbose parsed url   hostname: null,
19 verbose parsed url   hash: null,
19 verbose parsed url   search: null,
19 verbose parsed url   query: null,
19 verbose parsed url   pathname: '~2.0.0',
19 verbose parsed url   path: '~2.0.0',
19 verbose parsed url   href: '~2.0.0' }
20 verbose addNamed [ 'clean-css-brunch', '~2.0.0' ]
21 verbose addNamed [ null, '>=2.0.0-0 <2.1.0-0' ]
22 verbose cache add [ 'css-brunch@~2.0.0', null ]
23 verbose cache add name=undefined spec="css-brunch@~2.0.0" args=["css-brunch@~2.0.0",null]
24 verbose parsed url Url {
24 verbose parsed url   protocol: null,
24 verbose parsed url   slashes: null,
24 verbose parsed url   auth: null,
24 verbose parsed url   host: null,
24 verbose parsed url   port: null,
24 verbose parsed url   hostname: null,
24 verbose parsed url   hash: null,
24 verbose parsed url   search: null,
24 verbose parsed url   query: null,
24 verbose parsed url   pathname: 'css-brunch@~2.0.0',
24 verbose parsed url   path: 'css-brunch@~2.0.0',
24 verbose parsed url   href: 'css-brunch@~2.0.0' }
25 verbose cache add name="css-brunch" spec="~2.0.0" args=["css-brunch","~2.0.0"]
26 verbose parsed url Url {
26 verbose parsed url   protocol: null,
26 verbose parsed url   slashes: null,
26 verbose parsed url   auth: null,
26 verbose parsed url   host: null,
26 verbose parsed url   port: null,
26 verbose parsed url   hostname: null,
26 verbose parsed url   hash: null,
26 verbose parsed url   search: null,
26 verbose parsed url   query: null,
26 verbose parsed url   pathname: '~2.0.0',
26 verbose parsed url   path: '~2.0.0',
26 verbose parsed url   href: '~2.0.0' }
27 verbose addNamed [ 'css-brunch', '~2.0.0' ]
28 verbose addNamed [ null, '>=2.0.0-0 <2.1.0-0' ]
29 verbose cache add [ 'javascript-brunch@~2.0.0', null ]
30 verbose cache add name=undefined spec="javascript-brunch@~2.0.0" args=["javascript-brunch@~2.0.0",null]
31 verbose parsed url Url {
31 verbose parsed url   protocol: null,
31 verbose parsed url   slashes: null,
31 verbose parsed url   auth: null,
31 verbose parsed url   host: null,
31 verbose parsed url   port: null,
31 verbose parsed url   hostname: null,
31 verbose parsed url   hash: null,
31 verbose parsed url   search: null,
31 verbose parsed url   query: null,
31 verbose parsed url   pathname: 'javascript-brunch@~2.0.0',
31 verbose parsed url   path: 'javascript-brunch@~2.0.0',
31 verbose parsed url   href: 'javascript-brunch@~2.0.0' }
32 verbose cache add name="javascript-brunch" spec="~2.0.0" args=["javascript-brunch","~2.0.0"]
33 verbose parsed url Url {
33 verbose parsed url   protocol: null,
33 verbose parsed url   slashes: null,
33 verbose parsed url   auth: null,
33 verbose parsed url   host: null,
33 verbose parsed url   port: null,
33 verbose parsed url   hostname: null,
33 verbose parsed url   hash: null,
33 verbose parsed url   search: null,
33 verbose parsed url   query: null,
33 verbose parsed url   pathname: '~2.0.0',
33 verbose parsed url   path: '~2.0.0',
33 verbose parsed url   href: '~2.0.0' }
34 verbose addNamed [ 'javascript-brunch', '~2.0.0' ]
35 verbose addNamed [ null, '>=2.0.0-0 <2.1.0-0' ]
36 verbose cache add [ 'uglify-js-brunch@~2.0.1', null ]
37 verbose cache add name=undefined spec="uglify-js-brunch@~2.0.1" args=["uglify-js-brunch@~2.0.1",null]
38 verbose parsed url Url {
38 verbose parsed url   protocol: null,
38 verbose parsed url   slashes: null,
38 verbose parsed url   auth: null,
38 verbose parsed url   host: null,
38 verbose parsed url   port: null,
38 verbose parsed url   hostname: null,
38 verbose parsed url   hash: null,
38 verbose parsed url   search: null,
38 verbose parsed url   query: null,
38 verbose parsed url   pathname: 'uglify-js-brunch@~2.0.1',
38 verbose parsed url   path: 'uglify-js-brunch@~2.0.1',
38 verbose parsed url   href: 'uglify-js-brunch@~2.0.1' }
39 verbose cache add name="uglify-js-brunch" spec="~2.0.1" args=["uglify-js-brunch","~2.0.1"]
40 verbose parsed url Url {
40 verbose parsed url   protocol: null,
40 verbose parsed url   slashes: null,
40 verbose parsed url   auth: null,
40 verbose parsed url   host: null,
40 verbose parsed url   port: null,
40 verbose parsed url   hostname: null,
40 verbose parsed url   hash: null,
40 verbose parsed url   search: null,
40 verbose parsed url   query: null,
40 verbose parsed url   pathname: '~2.0.1',
40 verbose parsed url   path: '~2.0.1',
40 verbose parsed url   href: '~2.0.1' }
41 verbose addNamed [ 'uglify-js-brunch', '~2.0.1' ]
42 verbose addNamed [ null, '>=2.0.1-0 <2.1.0-0' ]
43 verbose cache add [ 'phoenix@file:deps/phoenix', null ]
44 verbose cache add name=undefined spec="phoenix@file:deps/phoenix" args=["phoenix@file:deps/phoenix",null]
45 verbose parsed url Url {
45 verbose parsed url   protocol: null,
45 verbose parsed url   slashes: null,
45 verbose parsed url   auth: null,
45 verbose parsed url   host: null,
45 verbose parsed url   port: null,
45 verbose parsed url   hostname: null,
45 verbose parsed url   hash: null,
45 verbose parsed url   search: null,
45 verbose parsed url   query: null,
45 verbose parsed url   pathname: 'phoenix@file:deps/phoenix',
45 verbose parsed url   path: 'phoenix@file:deps/phoenix',
45 verbose parsed url   href: 'phoenix@file:deps/phoenix' }
46 verbose cache add [ 'phoenix_html@file:deps/phoenix_html', null ]
47 verbose cache add name=undefined spec="phoenix_html@file:deps/phoenix_html" args=["phoenix_html@file:deps/phoenix_html",null]
48 verbose parsed url Url {
48 verbose parsed url   protocol: null,
48 verbose parsed url   slashes: null,
48 verbose parsed url   auth: null,
48 verbose parsed url   host: null,
48 verbose parsed url   port: null,
48 verbose parsed url   hostname: null,
48 verbose parsed url   hash: null,
48 verbose parsed url   search: null,
48 verbose parsed url   query: null,
48 verbose parsed url   pathname: 'phoenix_html@file:deps/phoenix_html',
48 verbose parsed url   path: 'phoenix_html@file:deps/phoenix_html',
48 verbose parsed url   href: 'phoenix_html@file:deps/phoenix_html' }
49 verbose cache add [ 'babel-brunch@~6.0.0', null ]
50 verbose cache add name=undefined spec="babel-brunch@~6.0.0" args=["babel-brunch@~6.0.0",null]
51 verbose parsed url Url {
51 verbose parsed url   protocol: null,
51 verbose parsed url   slashes: null,
51 verbose parsed url   auth: null,
51 verbose parsed url   host: null,
51 verbose parsed url   port: null,
51 verbose parsed url   hostname: null,
51 verbose parsed url   hash: null,
51 verbose parsed url   search: null,
51 verbose parsed url   query: null,
51 verbose parsed url   pathname: 'babel-brunch@~6.0.0',
51 verbose parsed url   path: 'babel-brunch@~6.0.0',
51 verbose parsed url   href: 'babel-brunch@~6.0.0' }
52 verbose cache add name="babel-brunch" spec="~6.0.0" args=["babel-brunch","~6.0.0"]
53 verbose parsed url Url {
53 verbose parsed url   protocol: null,
53 verbose parsed url   slashes: null,
53 verbose parsed url   auth: null,
53 verbose parsed url   host: null,
53 verbose parsed url   port: null,
53 verbose parsed url   hostname: null,
53 verbose parsed url   hash: null,
53 verbose parsed url   search: null,
53 verbose parsed url   query: null,
53 verbose parsed url   pathname: '~6.0.0',
53 verbose parsed url   path: '~6.0.0',
53 verbose parsed url   href: '~6.0.0' }
54 verbose addNamed [ 'babel-brunch', '~6.0.0' ]
55 verbose addNamed [ null, '>=6.0.0-0 <6.1.0-0' ]
56 silly lockFile 34741395-brunch-2-7-4 brunch@2.7.4
57 verbose lock brunch@2.7.4 C:\Users\secure\AppData\Roaming\npm-cache\34741395-brunch-2-7-4.lock
58 silly lockFile 2cc3d744-clean-css-brunch-2-0-0 clean-css-brunch@~2.0.0
59 verbose lock clean-css-brunch@~2.0.0 C:\Users\secure\AppData\Roaming\npm-cache\2cc3d744-clean-css-brunch-2-0-0.lock
60 silly lockFile 1da32090-css-brunch-2-0-0 css-brunch@~2.0.0
61 verbose lock css-brunch@~2.0.0 C:\Users\secure\AppData\Roaming\npm-cache\1da32090-css-brunch-2-0-0.lock
62 silly lockFile ba3f7e2f-javascript-brunch-2-0-0 javascript-brunch@~2.0.0
63 verbose lock javascript-brunch@~2.0.0 C:\Users\secure\AppData\Roaming\npm-cache\ba3f7e2f-javascript-brunch-2-0-0.lock
64 silly lockFile d368487a-uglify-js-brunch-2-0-1 uglify-js-brunch@~2.0.1
65 verbose lock uglify-js-brunch@~2.0.1 C:\Users\secure\AppData\Roaming\npm-cache\d368487a-uglify-js-brunch-2-0-1.lock
66 verbose cache add name="phoenix" spec="file:deps/phoenix" args=["phoenix","file:deps/phoenix"]
67 verbose parsed url Url {
67 verbose parsed url   protocol: 'file:',
67 verbose parsed url   slashes: null,
67 verbose parsed url   auth: null,
67 verbose parsed url   host: null,
67 verbose parsed url   port: null,
67 verbose parsed url   hostname: null,
67 verbose parsed url   hash: null,
67 verbose parsed url   search: null,
67 verbose parsed url   query: null,
67 verbose parsed url   pathname: 'deps/phoenix',
67 verbose parsed url   path: 'deps/phoenix',
67 verbose parsed url   href: 'file:deps/phoenix' }
68 verbose addNamed [ 'phoenix', 'file:deps/phoenix' ]
69 verbose addNamed [ null, null ]
70 silly lockFile 25706d37-phoenix-file-deps-phoenix phoenix@file:deps/phoenix
71 verbose lock phoenix@file:deps/phoenix C:\Users\secure\AppData\Roaming\npm-cache\25706d37-phoenix-file-deps-phoenix.lock
72 verbose cache add name="phoenix_html" spec="file:deps/phoenix_html" args=["phoenix_html","file:deps/phoenix_html"]
73 verbose parsed url Url {
73 verbose parsed url   protocol: 'file:',
73 verbose parsed url   slashes: null,
73 verbose parsed url   auth: null,
73 verbose parsed url   host: null,
73 verbose parsed url   port: null,
73 verbose parsed url   hostname: null,
73 verbose parsed url   hash: null,
73 verbose parsed url   search: null,
73 verbose parsed url   query: null,
73 verbose parsed url   pathname: 'deps/phoenix_html',
73 verbose parsed url   path: 'deps/phoenix_html',
73 verbose parsed url   href: 'file:deps/phoenix_html' }
74 verbose addNamed [ 'phoenix_html', 'file:deps/phoenix_html' ]
75 verbose addNamed [ null, null ]
76 silly lockFile 3d88e48d-enix-html-file-deps-phoenix-html phoenix_html@file:deps/phoenix_html
77 verbose lock phoenix_html@file:deps/phoenix_html C:\Users\secure\AppData\Roaming\npm-cache\3d88e48d-enix-html-file-deps-phoenix-html.lock
78 silly lockFile 6b74a846-babel-brunch-6-0-0 babel-brunch@~6.0.0
79 verbose lock babel-brunch@~6.0.0 C:\Users\secure\AppData\Roaming\npm-cache\6b74a846-babel-brunch-6-0-0.lock
80 silly addNameRange { name: 'clean-css-brunch',
80 silly addNameRange   range: '>=2.0.0-0 <2.1.0-0',
80 silly addNameRange   hasData: false }
81 silly addNameRange { name: 'css-brunch',
81 silly addNameRange   range: '>=2.0.0-0 <2.1.0-0',
81 silly addNameRange   hasData: false }
82 silly addNameRange { name: 'uglify-js-brunch',
82 silly addNameRange   range: '>=2.0.1-0 <2.1.0-0',
82 silly addNameRange   hasData: false }
83 silly addNameRange { name: 'javascript-brunch',
83 silly addNameRange   range: '>=2.0.0-0 <2.1.0-0',
83 silly addNameRange   hasData: false }
84 info addNameTag [ 'phoenix', 'file:deps/phoenix' ]
85 info addNameTag [ 'phoenix_html', 'file:deps/phoenix_html' ]
86 silly addNameRange { name: 'babel-brunch',
86 silly addNameRange   range: '>=6.0.0-0 <6.1.0-0',
86 silly addNameRange   hasData: false }
87 verbose url raw clean-css-brunch
88 verbose url resolving [ 'https://registry.npmjs.org/', './clean-css-brunch' ]
89 verbose url resolved https://registry.npmjs.org/clean-css-brunch
90 info trying registry request attempt 1 at 23:45:21
91 verbose etag "5MPZPCMAI74IWZRADCMJFIHZW"
92 http GET https://registry.npmjs.org/clean-css-brunch
93 verbose url raw brunch
94 verbose url resolving [ 'https://registry.npmjs.org/', './brunch' ]
95 verbose url resolved https://registry.npmjs.org/brunch
96 info trying registry request attempt 1 at 23:45:21
97 verbose etag "89M028XENNH5W7E8ZBGG4ROYA"
98 http GET https://registry.npmjs.org/brunch
99 verbose url raw css-brunch
100 verbose url resolving [ 'https://registry.npmjs.org/', './css-brunch' ]
101 verbose url resolved https://registry.npmjs.org/css-brunch
102 info trying registry request attempt 1 at 23:45:21
103 verbose etag "4YX2L1NJVSI2XGV2B6L7CKNYH"
104 http GET https://registry.npmjs.org/css-brunch
105 verbose url raw uglify-js-brunch
106 verbose url resolving [ 'https://registry.npmjs.org/', './uglify-js-brunch' ]
107 verbose url resolved https://registry.npmjs.org/uglify-js-brunch
108 info trying registry request attempt 1 at 23:45:21
109 verbose etag "13FU9J8Y5W216UTLU2ZRS4T4M"
110 http GET https://registry.npmjs.org/uglify-js-brunch
111 verbose url raw phoenix
112 verbose url resolving [ 'https://registry.npmjs.org/', './phoenix' ]
113 verbose url resolved https://registry.npmjs.org/phoenix
114 info trying registry request attempt 1 at 23:45:21
115 verbose etag "6JFULW4K3HHUFY0JZFJTL7JK2"
116 http GET https://registry.npmjs.org/phoenix
117 verbose url raw javascript-brunch
118 verbose url resolving [ 'https://registry.npmjs.org/', './javascript-brunch' ]
119 verbose url resolved https://registry.npmjs.org/javascript-brunch
120 info trying registry request attempt 1 at 23:45:21
121 verbose etag "29I869TOMAOKBX6F9X34ADN83"
122 http GET https://registry.npmjs.org/javascript-brunch
123 verbose url raw phoenix_html
124 verbose url resolving [ 'https://registry.npmjs.org/', './phoenix_html' ]
125 verbose url resolved https://registry.npmjs.org/phoenix_html
126 info trying registry request attempt 1 at 23:45:21
127 http GET https://registry.npmjs.org/phoenix_html
128 verbose url raw babel-brunch
129 verbose url resolving [ 'https://registry.npmjs.org/', './babel-brunch' ]
130 verbose url resolved https://registry.npmjs.org/babel-brunch
131 info trying registry request attempt 1 at 23:45:21
132 verbose etag "3KJ2FP8KIHGG2Z3EHRJ68ETJD"
133 http GET https://registry.npmjs.org/babel-brunch
134 http 304 https://registry.npmjs.org/clean-css-brunch
135 silly registry.get cb [ 304,
135 silly registry.get   { date: 'Thu, 25 Aug 2016 14:45:22 GMT',
135 silly registry.get     via: '1.1 varnish',
135 silly registry.get     'cache-control': 'max-age=300',
135 silly registry.get     etag: '"5MPZPCMAI74IWZRADCMJFIHZW"',
135 silly registry.get     age: '0',
135 silly registry.get     connection: 'close',
135 silly registry.get     'x-served-by': 'cache-nrt6128-NRT',
135 silly registry.get     'x-cache': 'HIT',
135 silly registry.get     'x-cache-hits': '1',
135 silly registry.get     'x-timer': 'S1472136322.586201,VS0,VE159',
135 silly registry.get     vary: 'Accept-Encoding' } ]
136 verbose etag clean-css-brunch from cache
137 silly addNameRange number 2 { name: 'clean-css-brunch',
137 silly addNameRange   range: '>=2.0.0-0 <2.1.0-0',
137 silly addNameRange   hasData: true }
138 silly addNameRange versions [ 'clean-css-brunch',
138 silly addNameRange   [ '1.0.0',
138 silly addNameRange     '1.1.0',
138 silly addNameRange     '1.1.1',
138 silly addNameRange     '1.3.0',
138 silly addNameRange     '1.4.0',
138 silly addNameRange     '1.5.0',
138 silly addNameRange     '1.5.1',
138 silly addNameRange     '1.6.0',
138 silly addNameRange     '1.7.0',
138 silly addNameRange     '1.7.1',
138 silly addNameRange     '1.7.2',
138 silly addNameRange     '1.8.0',
138 silly addNameRange     '2.0.0' ] ]
139 verbose addNamed [ 'clean-css-brunch', '2.0.0' ]
140 verbose addNamed [ '2.0.0', '2.0.0' ]
141 silly lockFile 9c5c8935-clean-css-brunch-2-0-0 clean-css-brunch@2.0.0
142 verbose lock clean-css-brunch@2.0.0 C:\Users\secure\AppData\Roaming\npm-cache\9c5c8935-clean-css-brunch-2-0-0.lock
143 silly lockFile 9c5c8935-clean-css-brunch-2-0-0 clean-css-brunch@2.0.0
144 silly lockFile 9c5c8935-clean-css-brunch-2-0-0 clean-css-brunch@2.0.0
145 silly lockFile 2cc3d744-clean-css-brunch-2-0-0 clean-css-brunch@~2.0.0
146 silly lockFile 2cc3d744-clean-css-brunch-2-0-0 clean-css-brunch@~2.0.0
147 http 304 https://registry.npmjs.org/javascript-brunch
148 silly registry.get cb [ 304,
148 silly registry.get   { date: 'Thu, 25 Aug 2016 14:45:22 GMT',
148 silly registry.get     via: '1.1 varnish',
148 silly registry.get     'cache-control': 'max-age=300',
148 silly registry.get     etag: '"29I869TOMAOKBX6F9X34ADN83"',
148 silly registry.get     age: '0',
148 silly registry.get     connection: 'close',
148 silly registry.get     'x-served-by': 'cache-nrt6127-NRT',
148 silly registry.get     'x-cache': 'HIT',
148 silly registry.get     'x-cache-hits': '1',
148 silly registry.get     'x-timer': 'S1472136322.573449,VS0,VE616',
148 silly registry.get     vary: 'Accept-Encoding' } ]
149 verbose etag javascript-brunch from cache
150 silly addNameRange number 2 { name: 'javascript-brunch',
150 silly addNameRange   range: '>=2.0.0-0 <2.1.0-0',
150 silly addNameRange   hasData: true }
151 silly addNameRange versions [ 'javascript-brunch',
151 silly addNameRange   [ '1.0.0',
151 silly addNameRange     '1.1.0',
151 silly addNameRange     '1.1.1',
151 silly addNameRange     '1.3.0',
151 silly addNameRange     '1.5.0',
151 silly addNameRange     '1.5.1',
151 silly addNameRange     '1.6.0',
151 silly addNameRange     '1.7.0',
151 silly addNameRange     '1.7.1',
151 silly addNameRange     '1.8.0',
151 silly addNameRange     '2.0.0' ] ]
152 verbose addNamed [ 'javascript-brunch', '2.0.0' ]
153 verbose addNamed [ '2.0.0', '2.0.0' ]
154 silly lockFile 67fa401c-javascript-brunch-2-0-0 javascript-brunch@2.0.0
155 verbose lock javascript-brunch@2.0.0 C:\Users\secure\AppData\Roaming\npm-cache\67fa401c-javascript-brunch-2-0-0.lock
156 silly lockFile 67fa401c-javascript-brunch-2-0-0 javascript-brunch@2.0.0
157 silly lockFile 67fa401c-javascript-brunch-2-0-0 javascript-brunch@2.0.0
158 silly lockFile ba3f7e2f-javascript-brunch-2-0-0 javascript-brunch@~2.0.0
159 silly lockFile ba3f7e2f-javascript-brunch-2-0-0 javascript-brunch@~2.0.0
160 http 304 https://registry.npmjs.org/css-brunch
161 silly registry.get cb [ 304,
161 silly registry.get   { date: 'Thu, 25 Aug 2016 14:45:22 GMT',
161 silly registry.get     via: '1.1 varnish',
161 silly registry.get     'cache-control': 'max-age=300',
161 silly registry.get     etag: '"4YX2L1NJVSI2XGV2B6L7CKNYH"',
161 silly registry.get     age: '0',
161 silly registry.get     connection: 'close',
161 silly registry.get     'x-served-by': 'cache-nrt6135-NRT',
161 silly registry.get     'x-cache': 'HIT',
161 silly registry.get     'x-cache-hits': '1',
161 silly registry.get     'x-timer': 'S1472136322.623283,VS0,VE632',
161 silly registry.get     vary: 'Accept-Encoding' } ]
162 verbose etag css-brunch from cache
163 silly addNameRange number 2 { name: 'css-brunch',
163 silly addNameRange   range: '>=2.0.0-0 <2.1.0-0',
163 silly addNameRange   hasData: true }
164 silly addNameRange versions [ 'css-brunch',
164 silly addNameRange   [ '1.0.0',
164 silly addNameRange     '1.1.0',
164 silly addNameRange     '1.1.1',
164 silly addNameRange     '1.3.0',
164 silly addNameRange     '1.5.0',
164 silly addNameRange     '1.5.1',
164 silly addNameRange     '1.6.0',
164 silly addNameRange     '1.7.0',
164 silly addNameRange     '2.0.0',
164 silly addNameRange     '2.6.0',
164 silly addNameRange     '2.6.1' ] ]
165 verbose addNamed [ 'css-brunch', '2.0.0' ]
166 verbose addNamed [ '2.0.0', '2.0.0' ]
167 silly lockFile 708400cd-css-brunch-2-0-0 css-brunch@2.0.0
168 verbose lock css-brunch@2.0.0 C:\Users\secure\AppData\Roaming\npm-cache\708400cd-css-brunch-2-0-0.lock
169 silly lockFile 708400cd-css-brunch-2-0-0 css-brunch@2.0.0
170 silly lockFile 708400cd-css-brunch-2-0-0 css-brunch@2.0.0
171 silly lockFile 1da32090-css-brunch-2-0-0 css-brunch@~2.0.0
172 silly lockFile 1da32090-css-brunch-2-0-0 css-brunch@~2.0.0
173 http 404 https://registry.npmjs.org/phoenix_html
174 silly registry.get cb [ 404,
174 silly registry.get   { 'content-type': 'application/json',
174 silly registry.get     'cache-control': 'max-age=0',
174 silly registry.get     'content-length': '2',
174 silly registry.get     'accept-ranges': 'bytes',
174 silly registry.get     date: 'Thu, 25 Aug 2016 14:45:23 GMT',
174 silly registry.get     via: '1.1 varnish',
174 silly registry.get     age: '0',
174 silly registry.get     connection: 'close',
174 silly registry.get     'x-served-by': 'cache-nrt6121-NRT',
174 silly registry.get     'x-cache': 'MISS',
174 silly registry.get     'x-cache-hits': '0',
174 silly registry.get     'x-timer': 'S1472136322.622927,VS0,VE674',
174 silly registry.get     vary: 'Accept-Encoding' } ]
175 http 304 https://registry.npmjs.org/phoenix
176 silly registry.get cb [ 304,
176 silly registry.get   { date: 'Thu, 25 Aug 2016 14:45:22 GMT',
176 silly registry.get     via: '1.1 varnish',
176 silly registry.get     'cache-control': 'max-age=300',
176 silly registry.get     etag: '"6JFULW4K3HHUFY0JZFJTL7JK2"',
176 silly registry.get     age: '0',
176 silly registry.get     connection: 'close',
176 silly registry.get     'x-served-by': 'cache-nrt6131-NRT',
176 silly registry.get     'x-cache': 'HIT',
176 silly registry.get     'x-cache-hits': '1',
176 silly registry.get     'x-timer': 'S1472136322.648211,VS0,VE649',
176 silly registry.get     vary: 'Accept-Encoding' } ]
177 verbose etag phoenix from cache
178 info maybeGithub Attempting file:deps/phoenix_html from git://github.com/file:deps/phoenix_html
179 silly lockFile f4155054-ithub-com-file-deps-phoenix-html git://github.com/file:deps/phoenix_html
180 verbose lock git://github.com/file:deps/phoenix_html C:\Users\secure\AppData\Roaming\npm-cache\f4155054-ithub-com-file-deps-phoenix-html.lock
181 http 304 https://registry.npmjs.org/babel-brunch
182 silly registry.get cb [ 304,
182 silly registry.get   { date: 'Thu, 25 Aug 2016 14:45:22 GMT',
182 silly registry.get     via: '1.1 varnish',
182 silly registry.get     'cache-control': 'max-age=300',
182 silly registry.get     etag: '"3KJ2FP8KIHGG2Z3EHRJ68ETJD"',
182 silly registry.get     age: '0',
182 silly registry.get     connection: 'close',
182 silly registry.get     'x-served-by': 'cache-nrt6133-NRT',
182 silly registry.get     'x-cache': 'HIT',
182 silly registry.get     'x-cache-hits': '1',
182 silly registry.get     'x-timer': 'S1472136322.598780,VS0,VE710',
182 silly registry.get     vary: 'Accept-Encoding' } ]
183 verbose etag babel-brunch from cache
184 verbose addRemoteGit [ 'git://github.com/file:deps/phoenix_html', 'master' ]
185 info maybeGithub Attempting file:deps/phoenix from git://github.com/file:deps/phoenix
186 silly lockFile 6d5f9840-git-github-com-file-deps-phoenix git://github.com/file:deps/phoenix
187 verbose lock git://github.com/file:deps/phoenix C:\Users\secure\AppData\Roaming\npm-cache\6d5f9840-git-github-com-file-deps-phoenix.lock
188 verbose addRemoteGit [ 'git://github.com/file:deps/phoenix', 'master' ]
189 http 304 https://registry.npmjs.org/brunch
190 silly registry.get cb [ 304,
190 silly registry.get   { date: 'Thu, 25 Aug 2016 14:45:22 GMT',
190 silly registry.get     via: '1.1 varnish',
190 silly registry.get     'cache-control': 'max-age=300',
190 silly registry.get     etag: '"89M028XENNH5W7E8ZBGG4ROYA"',
190 silly registry.get     age: '0',
190 silly registry.get     connection: 'close',
190 silly registry.get     'x-served-by': 'cache-nrt6125-NRT',
190 silly registry.get     'x-cache': 'HIT',
190 silly registry.get     'x-cache-hits': '1',
190 silly registry.get     'x-timer': 'S1472136322.622901,VS0,VE691',
190 silly registry.get     vary: 'Accept-Encoding' } ]
191 verbose etag brunch from cache
192 silly addNameRange number 2 { name: 'babel-brunch',
192 silly addNameRange   range: '>=6.0.0-0 <6.1.0-0',
192 silly addNameRange   hasData: true }
193 silly addNameRange versions [ 'babel-brunch',
193 silly addNameRange   [ '4.0.0',
193 silly addNameRange     '5.0.0',
193 silly addNameRange     '5.0.1',
193 silly addNameRange     '5.1.0',
193 silly addNameRange     '5.1.1',
193 silly addNameRange     '5.1.2',
193 silly addNameRange     '6.0.0',
193 silly addNameRange     '6.0.1',
193 silly addNameRange     '6.0.2',
193 silly addNameRange     '6.0.3',
193 silly addNameRange     '6.0.4',
193 silly addNameRange     '6.0.5',
193 silly addNameRange     '6.0.6' ] ]
194 verbose addNamed [ 'babel-brunch', '6.0.6' ]
195 verbose addNamed [ '6.0.6', '6.0.6' ]
196 silly lockFile cd22ecc2-babel-brunch-6-0-6 babel-brunch@6.0.6
197 verbose lock babel-brunch@6.0.6 C:\Users\secure\AppData\Roaming\npm-cache\cd22ecc2-babel-brunch-6-0-6.lock
198 silly lockFile cd22ecc2-babel-brunch-6-0-6 babel-brunch@6.0.6
199 silly lockFile cd22ecc2-babel-brunch-6-0-6 babel-brunch@6.0.6
200 silly lockFile 6b74a846-babel-brunch-6-0-0 babel-brunch@~6.0.0
201 silly lockFile 6b74a846-babel-brunch-6-0-0 babel-brunch@~6.0.0
202 http 304 https://registry.npmjs.org/uglify-js-brunch
203 silly registry.get cb [ 304,
203 silly registry.get   { date: 'Thu, 25 Aug 2016 14:45:22 GMT',
203 silly registry.get     via: '1.1 varnish',
203 silly registry.get     'cache-control': 'max-age=300',
203 silly registry.get     etag: '"13FU9J8Y5W216UTLU2ZRS4T4M"',
203 silly registry.get     age: '0',
203 silly registry.get     connection: 'close',
203 silly registry.get     'x-served-by': 'cache-nrt6126-NRT',
203 silly registry.get     'x-cache': 'HIT',
203 silly registry.get     'x-cache-hits': '1',
203 silly registry.get     'x-timer': 'S1472136322.622802,VS0,VE721',
203 silly registry.get     vary: 'Accept-Encoding' } ]
204 verbose etag uglify-js-brunch from cache
205 silly addNameRange number 2 { name: 'uglify-js-brunch',
205 silly addNameRange   range: '>=2.0.1-0 <2.1.0-0',
205 silly addNameRange   hasData: true }
206 silly addNameRange versions [ 'uglify-js-brunch',
206 silly addNameRange   [ '1.0.0',
206 silly addNameRange     '1.1.0',
206 silly addNameRange     '1.1.1',
206 silly addNameRange     '1.3.0',
206 silly addNameRange     '1.3.1',
206 silly addNameRange     '1.5.0',
206 silly addNameRange     '1.5.1',
206 silly addNameRange     '1.7.0',
206 silly addNameRange     '1.7.1',
206 silly addNameRange     '1.7.2',
206 silly addNameRange     '1.7.3',
206 silly addNameRange     '1.7.4',
206 silly addNameRange     '1.7.5',
206 silly addNameRange     '1.7.6',
206 silly addNameRange     '1.7.7',
206 silly addNameRange     '1.7.8',
206 silly addNameRange     '2.0.0',
206 silly addNameRange     '2.0.1' ] ]
207 verbose addNamed [ 'uglify-js-brunch', '2.0.1' ]
208 verbose addNamed [ '2.0.1', '2.0.1' ]
209 silly lockFile 670853b1-uglify-js-brunch-2-0-1 uglify-js-brunch@2.0.1
210 verbose lock uglify-js-brunch@2.0.1 C:\Users\secure\AppData\Roaming\npm-cache\670853b1-uglify-js-brunch-2-0-1.lock
211 silly lockFile 670853b1-uglify-js-brunch-2-0-1 uglify-js-brunch@2.0.1
212 silly lockFile 670853b1-uglify-js-brunch-2-0-1 uglify-js-brunch@2.0.1
213 silly lockFile d368487a-uglify-js-brunch-2-0-1 uglify-js-brunch@~2.0.1
214 silly lockFile d368487a-uglify-js-brunch-2-0-1 uglify-js-brunch@~2.0.1
215 silly lockFile 34741395-brunch-2-7-4 brunch@2.7.4
216 silly lockFile 34741395-brunch-2-7-4 brunch@2.7.4
217 warn `git config --get remote.origin.url` returned wrong result (git://github.com/file:deps/phoenix_html)
218 warn `git config --get remote.origin.url` returned wrong result (git://github.com/file:deps/phoenix)
219 verbose git clone git://github.com/file:deps/phoenix_html Cloning into bare repository 'C:\Users\secure\AppData\Roaming\npm-cache\_git-remotes\git-github-com-file-deps-phoenix-html-f4155054'...
219 verbose git clone git://github.com/file:deps/phoenix_html fatal: remote error:
219 verbose git clone git://github.com/file:deps/phoenix_html   file:deps/phoenix_html is not a valid repository name
219 verbose git clone git://github.com/file:deps/phoenix_html   Email support@github.com for help
220 silly lockFile f4155054-ithub-com-file-deps-phoenix-html git://github.com/file:deps/phoenix_html
221 silly lockFile f4155054-ithub-com-file-deps-phoenix-html git://github.com/file:deps/phoenix_html
222 info maybeGithub Attempting file:deps/phoenix_html from git+ssh://git@github.com:file:deps/phoenix_html
223 silly lockFile 50a27b71-ithub-com-file-deps-phoenix-html git@github.com:file:deps/phoenix_html
224 verbose lock git@github.com:file:deps/phoenix_html C:\Users\secure\AppData\Roaming\npm-cache\50a27b71-ithub-com-file-deps-phoenix-html.lock
225 verbose addRemoteGit [ 'git@github.com:file:deps/phoenix_html', 'master' ]
226 verbose git clone git://github.com/file:deps/phoenix Cloning into bare repository 'C:\Users\secure\AppData\Roaming\npm-cache\_git-remotes\git-github-com-file-deps-phoenix-6d5f9840'...
226 verbose git clone git://github.com/file:deps/phoenix fatal: remote error:
226 verbose git clone git://github.com/file:deps/phoenix   file:deps/phoenix is not a valid repository name
226 verbose git clone git://github.com/file:deps/phoenix   Email support@github.com for help
227 silly lockFile 6d5f9840-git-github-com-file-deps-phoenix git://github.com/file:deps/phoenix
228 silly lockFile 6d5f9840-git-github-com-file-deps-phoenix git://github.com/file:deps/phoenix
229 info maybeGithub Attempting file:deps/phoenix from git+ssh://git@github.com:file:deps/phoenix
230 silly lockFile c83d6c1a-git-github-com-file-deps-phoenix git@github.com:file:deps/phoenix
231 verbose lock git@github.com:file:deps/phoenix C:\Users\secure\AppData\Roaming\npm-cache\c83d6c1a-git-github-com-file-deps-phoenix.lock
232 verbose addRemoteGit [ 'git@github.com:file:deps/phoenix', 'master' ]
233 warn `git config --get remote.origin.url` returned wrong result (git@github.com:file:deps/phoenix_html)
234 warn `git config --get remote.origin.url` returned wrong result (git@github.com:file:deps/phoenix)
235 verbose git clone git@github.com:file:deps/phoenix Cloning into bare repository 'C:\Users\secure\AppData\Roaming\npm-cache\_git-remotes\git-github-com-file-deps-phoenix-c83d6c1a'...
235 verbose git clone git@github.com:file:deps/phoenix Warning: Permanently added the RSA host key for IP address '192.30.253.112' to the list of known hosts.
235 verbose git clone git@github.com:file:deps/phoenix Permission denied (publickey).
235 verbose git clone git@github.com:file:deps/phoenix fatal: Could not read from remote repository.
235 verbose git clone git@github.com:file:deps/phoenix
235 verbose git clone git@github.com:file:deps/phoenix Please make sure you have the correct access rights
235 verbose git clone git@github.com:file:deps/phoenix and the repository exists.
236 silly lockFile c83d6c1a-git-github-com-file-deps-phoenix git@github.com:file:deps/phoenix
237 silly lockFile c83d6c1a-git-github-com-file-deps-phoenix git@github.com:file:deps/phoenix
238 silly lockFile 25706d37-phoenix-file-deps-phoenix phoenix@file:deps/phoenix
239 silly lockFile 25706d37-phoenix-file-deps-phoenix phoenix@file:deps/phoenix
240 error notarget No compatible version found: phoenix@'file:deps/phoenix'
240 error notarget Valid install targets:
240 error notarget ["0.1.1-dev","1.2.0-rc.0","1.2.0"]
240 error notarget
240 error notarget This is most likely not a problem with npm itself.
240 error notarget In most cases you or one of your dependencies are requesting
240 error notarget a package version that doesn't exist.
241 error System Windows_NT 10.0.10586
242 error command "C:\\Program Files (x86)\\nodejs\\node.exe" "C:\\ProgramData\\chocolatey\\lib\\npm\\tools\\node_modules\\npm\\bin\\npm-cli.js" "install"
243 error cwd C:\Bitnami\PhoenixProject\phoenix_server
244 error node -v v6.4.0
245 error npm -v 1.4.9
246 error code ETARGET
247 verbose exit [ 1, true ]
